<?xml version="1.0" encoding="UTF-8"?>
<testng-results ignored="0" total="1" passed="1" failed="0" skipped="0">
  <reporter-output>
  </reporter-output>
  <suite started-at="2021-05-15T21:24:06Z" name="Default suite" finished-at="2021-05-15T21:24:15Z" duration-ms="9634">
    <groups>
    </groups>
    <test started-at="2021-05-15T21:24:06Z" name="Default test" finished-at="2021-05-15T21:24:15Z" duration-ms="9634">
      <class name="testCases.TestCase2Amazon">
        <test-method signature="testCaseWindow()[pri:0, instance:testCases.TestCase2Amazon@22fcf7ab]" started-at="2021-05-15T21:24:06Z" name="testCaseWindow" finished-at="2021-05-15T21:24:15Z" duration-ms="9609" status="PASS">
          <reporter-output>
          </reporter-output>
        </test-method> <!-- testCaseWindow -->
      </class> <!-- testCases.TestCase2Amazon -->
    </test> <!-- Default test -->
  </suite> <!-- Default suite -->
</testng-results>
